<?xml version="1.0" encoding="UTF-8"?>
<testng-results skipped="0" failed="0" ignored="0" total="1" passed="1">
  <reporter-output>
  </reporter-output>
  <suite name="Default suite" duration-ms="71" started-at="2017-08-23T07:30:11Z" finished-at="2017-08-23T07:30:11Z">
    <groups>
    </groups>
    <test name="Default test" duration-ms="71" started-at="2017-08-23T07:30:11Z" finished-at="2017-08-23T07:30:11Z">
      <class name="JenDemo1">
        <test-method status="PASS" signature="jendemo()[pri:0, instance:JenDemo1@458ad742]" name="jendemo" duration-ms="21" started-at="2017-08-23T13:00:11Z" finished-at="2017-08-23T13:00:11Z">
          <reporter-output>
          </reporter-output>
        </test-method> <!-- jendemo -->
      </class> <!-- JenDemo1 -->
    </test> <!-- Default test -->
  </suite> <!-- Default suite -->
</testng-results>
